[ 2025-01-13 17:26:56,752 ] 42 root - INFO - Start data Ingestion
[ 2025-01-13 17:27:09,849 ] 65 root - INFO - Performed train test split on the dataframe
[ 2025-01-13 17:27:09,850 ] 67 root - INFO - Exited split_data_as_train_test method of Data_Ingestion class
[ 2025-01-13 17:27:09,851 ] 75 root - INFO - Exporting train and test file path.
[ 2025-01-13 17:27:10,083 ] 84 root - INFO - Exported train and test file path.
[ 2025-01-13 17:27:10,084 ] 45 root - INFO - Data Ingestion completed and artifact: DataIngestionArtifact(trained_file_path='Artifacts\\01_13_2025_17_25_05\\NetworkData\\ingested\\train.csv', test_file_path='Artifacts\\01_13_2025_17_25_05\\NetworkData\\ingested\\test.csv')
[ 2025-01-13 17:27:10,136 ] 55 root - INFO - Initiate the data Validation
[ 2025-01-13 17:27:10,329 ] 32 root - INFO - Required number of columns:2
[ 2025-01-13 17:27:10,329 ] 33 root - INFO - Data frame has columns:31
[ 2025-01-13 17:27:10,330 ] 32 root - INFO - Required number of columns:2
[ 2025-01-13 17:27:10,330 ] 33 root - INFO - Data frame has columns:31
[ 2025-01-13 17:27:10,995 ] 63 root - INFO - Entered initiate_data_transformation method of DataTransformation class
[ 2025-01-13 17:27:10,995 ] 65 root - INFO - Starting data transformation
[ 2025-01-13 17:27:11,067 ] 48 root - INFO - Entered get_data_trnasformer_object method of Trnasformation class
[ 2025-01-13 17:27:11,067 ] 53 root - INFO - Initialise KNNImputer with {'missing_values': nan, 'n_neighbors': 3, 'weights': 'uniform'}
[ 2025-01-13 17:27:11,143 ] 46 root - INFO - Entered the save_object method of MainUtils class
[ 2025-01-13 17:27:11,151 ] 50 root - INFO - Exited the save_object method of MainUtils class
[ 2025-01-13 17:27:11,152 ] 46 root - INFO - Entered the save_object method of MainUtils class
[ 2025-01-13 17:27:11,159 ] 50 root - INFO - Exited the save_object method of MainUtils class
[ 2025-01-13 17:39:51,286 ] 46 root - INFO - Entered the save_object method of MainUtils class
[ 2025-01-13 17:39:51,288 ] 50 root - INFO - Exited the save_object method of MainUtils class
[ 2025-01-13 17:39:51,288 ] 46 root - INFO - Entered the save_object method of MainUtils class
[ 2025-01-13 17:39:51,388 ] 50 root - INFO - Exited the save_object method of MainUtils class
[ 2025-01-13 17:39:51,388 ] 166 root - INFO - Model trainer artifact: ModelTrainerArtifact(trained_model_file_path='Artifacts\\01_13_2025_17_25_05\\model_trainer\\trained_model\\model.pkl', train_metric_artifact=ClassificationMetricArtifact(f1_score=0.9915830037521549, precision_score=0.988675429726997, recall_score=0.9945077298616761), test_metric_artifact=ClassificationMetricArtifact(f1_score=0.9732961339178956, precision_score=0.9629337539432177, recall_score=0.983883964544722))
